<?xml version="1.0" encoding="UTF-8"?>
<!-- Generated by org.testng.reporters.JUnitXMLReporter -->
<testsuite hostname="blr-mp4mr" name="Default test" tests="3" failures="0" timestamp="2 Feb 2017 12:56:58 GMT" time="3.027" errors="0">
  <testcase name="Launchssss" time="3.008" classname="com.akamai.Testng123.Hello"/>
  <testcase name="test1" time="0.001" classname="com.akamai.Testng123.Hello"/>
  <testcase name="test2" time="0.001" classname="com.akamai.Testng123.Hello"/>
</testsuite> <!-- Default test -->
