<?xml version="1.0" encoding="UTF-8"?>
<testng-results skipped="0" failed="0" total="2" passed="2">
  <reporter-output>
  </reporter-output>
  <suite name="com.akamai.Testng123" duration-ms="27" started-at="2017-02-02T10:36:24Z" finished-at="2017-02-02T10:36:25Z">
    <groups>
    </groups>
    <test name="CreateSPEPolicy" duration-ms="27" started-at="2017-02-02T10:36:24Z" finished-at="2017-02-02T10:36:25Z">
      <class name="com.akamai.Testng123.Hello">
        <test-method status="PASS" signature="test1()[pri:0, instance:com.akamai.Testng123.Hello@2344fc66]" name="test1" duration-ms="9" started-at="2017-02-02T16:06:25Z" finished-at="2017-02-02T16:06:25Z">
          <reporter-output>
          </reporter-output>
        </test-method> <!-- test1 -->
        <test-method status="PASS" signature="test2()[pri:0, instance:com.akamai.Testng123.Hello@2344fc66]" name="test2" duration-ms="1" started-at="2017-02-02T16:06:25Z" finished-at="2017-02-02T16:06:25Z">
          <reporter-output>
          </reporter-output>
        </test-method> <!-- test2 -->
      </class> <!-- com.akamai.Testng123.Hello -->
    </test> <!-- CreateSPEPolicy -->
  </suite> <!-- com.akamai.Testng123 -->
</testng-results>
